<?xml version="1.0" encoding="UTF-8"?>
<testsuite xmlns:xsi="http://www.w3.org/2001/XMLSchema-instance" xsi:noNamespaceSchemaLocation="https://maven.apache.org/surefire/maven-surefire-plugin/xsd/surefire-test-report-3.0.xsd" version="3.0" name="com.app.xmart.ProductsServiceTest" time="0.691" tests="5" errors="0" skipped="0" failures="0">
  <properties>
[...]
</properties>
  <testcase name="testFindByIdProducts_ProductNotFound" classname="com.app.xmart.ProductsServiceTest" time="0.024">
    <system-out><![CDATA[
  .   ____          _            __ _ _
 /\\ / ___'_ __ _ _(_)_ __  __ _ \ \ \ \
( ( )\___ | '_ | '_| | '_ \/ _` | \ \ \ \
 \\/  ___)| |_)| | | | | || (_| |  ) ) ) )
  '  |____| .__|_| |_|_| |_\__, | / / / /
 =========|_|==============|___/=/_/_/_/
 :: Spring Boot ::                (v3.2.5)

2024-06-04T02:17:35.900+07:00  INFO 1944 --- [xmart] [           main] com.app.xmart.ProductsServiceTest        : Starting ProductsServiceTest using Java 17.0.10 with PID 1944 (started by hp in C:\Users\hp\Documents\project\test-jenkins\app-test-jenkins)
2024-06-04T02:17:35.901+07:00  INFO 1944 --- [xmart] [           main] com.app.xmart.ProductsServiceTest        : No active profile set, falling back to 1 default profile: "default"
2024-06-04T02:17:35.953+07:00  INFO 1944 --- [xmart] [           main] com.app.xmart.ProductsServiceTest        : Started ProductsServiceTest in 0.173 seconds (process running for 9.823)
]]></system-out>
  </testcase>
  <testcase name="testFindByIdProducts_ProductExists" classname="com.app.xmart.ProductsServiceTest" time="0.013"/>
  <testcase name="testAddProduct_Success" classname="com.app.xmart.ProductsServiceTest" time="0.038"/>
  <testcase name="testFindAllProducts" classname="com.app.xmart.ProductsServiceTest" time="0.007"/>
  <testcase name="testAddProduct_Failure" classname="com.app.xmart.ProductsServiceTest" time="0.036"/>
</testsuite>